OnlineAuctionApp/app/build/intermediates/manifest_merge_blame_file/debug/manifest-merger-blame-debug-report.txt
1<?xml version="1.0" encoding="utf-8"?>
2<manifest xmlns:android="http://schemas.android.com/apk/res/android"
3    package="com.example.onlineauctionsystem"
4    android:versionCode="1"
5    android:versionName="1.0" >
6
7    <uses-sdk
8        android:minSdkVersion="16"
8-->src\main\AndroidManifest.xml
9        android:targetSdkVersion="32" />
9-->src\main\AndroidManifest.xml
10
11    <uses-permission android:name="android.permission.WRITE_EXTERNAL_STORAGE" />
11-->src\main\AndroidManifest.xml:5:5-81
11-->src\main\AndroidManifest.xml:5:22-78
12    <uses-permission android:name="android.permission.READ_EXTERNAL_STORAGE" />
12-->src\main\AndroidManifest.xml:6:5-80
12-->src\main\AndroidManifest.xml:6:22-77
13    <uses-permission android:name="android.permission.INTERNET" />
13-->src\main\AndroidManifest.xml:7:5-67
13-->src\main\AndroidManifest.xml:7:22-64
14    <uses-permission android:name="android.permission.ACCESS_NETWORK_STATE" />
14-->src\main\AndroidManifest.xml:8:5-79
14-->src\main\AndroidManifest.xml:8:22-76
15    <uses-permission android:name="android.permission.CAMERA" />
15-->src\main\AndroidManifest.xml:9:5-65
15-->src\main\AndroidManifest.xml:9:22-62
16    <uses-permission android:name="android.permission.MANAGE_EXTERNAL_STORAGE" />
16-->src\main\AndroidManifest.xml:10:5-82
16-->src\main\AndroidManifest.xml:10:22-79
17
18    <uses-feature
18-->src\main\AndroidManifest.xml:12:1-14:31
19        android:name="android.hardware.camera"
19-->src\main\AndroidManifest.xml:13:5-43
20        android:required="true" />
20-->src\main\AndroidManifest.xml:14:5-28
21
22    <application
22-->src\main\AndroidManifest.xml:18:1-102:15
23        android:allowBackup="true"
23-->src\main\AndroidManifest.xml:19:5-31
24        android:appComponentFactory="androidx.core.app.CoreComponentFactory"
24-->[androidx.core:core:1.8.0] AndroidManifest.xml:24:18-86
25        android:dataExtractionRules="@xml/data_extraction_rules"
25-->src\main\AndroidManifest.xml:20:5-61
26        android:debuggable="true"
27        android:fullBackupContent="@xml/backup_rules"
27-->src\main\AndroidManifest.xml:21:5-50
28        android:icon="@mipmap/ic_launcher"
28-->src\main\AndroidManifest.xml:22:5-39
29        android:label="@string/app_name"
29-->src\main\AndroidManifest.xml:23:5-37
30        android:roundIcon="@mipmap/ic_launcher_round"
30-->src\main\AndroidManifest.xml:24:5-50
31        android:supportsRtl="true"
31-->src\main\AndroidManifest.xml:25:5-31
32        android:testOnly="true"
33        android:theme="@style/Theme.OnlineAuctionSystem"
33-->src\main\AndroidManifest.xml:26:5-53
34        android:usesCleartextTraffic="true" >
34-->src\main\AndroidManifest.xml:27:5-40
35        <activity
35-->src\main\AndroidManifest.xml:30:5-37:16
36            android:name="com.example.onlineauctionsystem.CreateProductListing"
36-->src\main\AndroidManifest.xml:31:9-45
37            android:exported="false" >
37-->src\main\AndroidManifest.xml:32:9-33
38            <meta-data
38-->src\main\AndroidManifest.xml:34:9-36:32
39                android:name="android.app.lib_name"
39-->src\main\AndroidManifest.xml:35:13-48
40                android:value="" />
40-->src\main\AndroidManifest.xml:36:13-29
41        </activity>
42        <activity
42-->src\main\AndroidManifest.xml:38:5-44:16
43            android:name="com.example.onlineauctionsystem.MakeOffer"
43-->src\main\AndroidManifest.xml:39:9-34
44            android:exported="false" >
44-->src\main\AndroidManifest.xml:40:9-33
45            <meta-data
45-->src\main\AndroidManifest.xml:34:9-36:32
46                android:name="android.app.lib_name"
46-->src\main\AndroidManifest.xml:35:13-48
47                android:value="" />
47-->src\main\AndroidManifest.xml:36:13-29
48        </activity>
49        <activity
49-->src\main\AndroidManifest.xml:45:5-51:16
50            android:name="com.example.onlineauctionsystem.ProductDetail"
50-->src\main\AndroidManifest.xml:46:9-38
51            android:exported="false" >
51-->src\main\AndroidManifest.xml:47:9-33
52            <meta-data
52-->src\main\AndroidManifest.xml:34:9-36:32
53                android:name="android.app.lib_name"
53-->src\main\AndroidManifest.xml:35:13-48
54                android:value="" />
54-->src\main\AndroidManifest.xml:36:13-29
55        </activity>
56        <activity
56-->src\main\AndroidManifest.xml:52:5-58:16
57            android:name="com.example.onlineauctionsystem.ProductList"
57-->src\main\AndroidManifest.xml:53:9-36
58            android:exported="false" >
58-->src\main\AndroidManifest.xml:54:9-33
59            <meta-data
59-->src\main\AndroidManifest.xml:34:9-36:32
60                android:name="android.app.lib_name"
60-->src\main\AndroidManifest.xml:35:13-48
61                android:value="" />
61-->src\main\AndroidManifest.xml:36:13-29
62        </activity>
63        <activity
63-->src\main\AndroidManifest.xml:59:5-65:16
64            android:name="com.example.onlineauctionsystem.SignUp"
64-->src\main\AndroidManifest.xml:60:9-31
65            android:exported="false" >
65-->src\main\AndroidManifest.xml:61:9-33
66            <meta-data
66-->src\main\AndroidManifest.xml:34:9-36:32
67                android:name="android.app.lib_name"
67-->src\main\AndroidManifest.xml:35:13-48
68                android:value="" />
68-->src\main\AndroidManifest.xml:36:13-29
69        </activity>
70        <activity
70-->src\main\AndroidManifest.xml:66:5-78:16
71            android:name="com.example.onlineauctionsystem.Login"
71-->src\main\AndroidManifest.xml:67:9-30
72            android:exported="true" >
72-->src\main\AndroidManifest.xml:68:9-32
73            <intent-filter>
73-->src\main\AndroidManifest.xml:69:9-73:25
74                <action android:name="android.intent.action.MAIN" />
74-->src\main\AndroidManifest.xml:70:13-65
74-->src\main\AndroidManifest.xml:70:21-62
75
76                <category android:name="android.intent.category.LAUNCHER" />
76-->src\main\AndroidManifest.xml:72:13-73
76-->src\main\AndroidManifest.xml:72:23-70
77            </intent-filter>
78
79            <meta-data
79-->src\main\AndroidManifest.xml:34:9-36:32
80                android:name="android.app.lib_name"
80-->src\main\AndroidManifest.xml:35:13-48
81                android:value="" />
81-->src\main\AndroidManifest.xml:36:13-29
82        </activity>
83        <activity
83-->src\main\AndroidManifest.xml:79:5-91:16
84            android:name="com.example.onlineauctionsystem.MainActivity"
84-->src\main\AndroidManifest.xml:80:9-37
85            android:exported="true" >
85-->src\main\AndroidManifest.xml:81:9-32
86            <intent-filter>
86-->src\main\AndroidManifest.xml:69:9-73:25
87                <action android:name="android.intent.action.MAIN" />
87-->src\main\AndroidManifest.xml:70:13-65
87-->src\main\AndroidManifest.xml:70:21-62
88
89                <category android:name="android.intent.category.LAUNCHER" />
89-->src\main\AndroidManifest.xml:72:13-73
89-->src\main\AndroidManifest.xml:72:23-70
90            </intent-filter>
91
92            <meta-data
92-->src\main\AndroidManifest.xml:34:9-36:32
93                android:name="android.app.lib_name"
93-->src\main\AndroidManifest.xml:35:13-48
94                android:value="" />
94-->src\main\AndroidManifest.xml:36:13-29
95        </activity>
96        <activity
96-->src\main\AndroidManifest.xml:93:5-101:16
97            android:name="com.example.onlineauctionsystem.Otp"
97-->src\main\AndroidManifest.xml:94:9-59
98            android:exported="false" >
98-->src\main\AndroidManifest.xml:95:9-33
99            <meta-data
99-->src\main\AndroidManifest.xml:34:9-36:32
100                android:name="android.app.lib_name"
100-->src\main\AndroidManifest.xml:35:13-48
101                android:value="" />
101-->src\main\AndroidManifest.xml:36:13-29
102        </activity>
103
104        <provider
104-->[com.squareup.picasso:picasso:2.71828] AndroidManifest.xml:8:9-11:40
105            android:name="com.squareup.picasso.PicassoProvider"
105-->[com.squareup.picasso:picasso:2.71828] AndroidManifest.xml:9:13-64
106            android:authorities="com.example.onlineauctionsystem.com.squareup.picasso"
106-->[com.squareup.picasso:picasso:2.71828] AndroidManifest.xml:10:13-72
107            android:exported="false" />
107-->[com.squareup.picasso:picasso:2.71828] AndroidManifest.xml:11:13-37
108        <provider
108-->[androidx.emoji2:emoji2:1.2.0] AndroidManifest.xml:24:9-32:20
109            android:name="androidx.startup.InitializationProvider"
109-->[androidx.emoji2:emoji2:1.2.0] AndroidManifest.xml:25:13-67
110            android:authorities="com.example.onlineauctionsystem.androidx-startup"
110-->[androidx.emoji2:emoji2:1.2.0] AndroidManifest.xml:26:13-68
111            android:exported="false" >
111-->[androidx.emoji2:emoji2:1.2.0] AndroidManifest.xml:27:13-37
112            <meta-data
112-->[androidx.emoji2:emoji2:1.2.0] AndroidManifest.xml:29:13-31:52
113                android:name="androidx.emoji2.text.EmojiCompatInitializer"
113-->[androidx.emoji2:emoji2:1.2.0] AndroidManifest.xml:30:17-75
114                android:value="androidx.startup" />
114-->[androidx.emoji2:emoji2:1.2.0] AndroidManifest.xml:31:17-49
115            <meta-data
115-->[androidx.lifecycle:lifecycle-process:2.4.1] AndroidManifest.xml:31:13-33:52
116                android:name="androidx.lifecycle.ProcessLifecycleInitializer"
116-->[androidx.lifecycle:lifecycle-process:2.4.1] AndroidManifest.xml:32:17-78
117                android:value="androidx.startup" />
117-->[androidx.lifecycle:lifecycle-process:2.4.1] AndroidManifest.xml:33:17-49
118        </provider>
119    </application>
120
121</manifest>